<?xml version="1.0" encoding="UTF-8"?>
<!-- Generated by org.testng.reporters.JUnitReportReporter -->
<testsuite hostname="Active30" failures="0" tests="1" name="Practice.Arun" time="4.488" errors="0" timestamp="2023-09-04T15:58:37 IST" skipped="0">
  <testcase classname="Practice.Arun" name="setup" time="4.488"/>
  <system-out/>
</testsuite> <!-- Practice.Arun -->
