<?xml version="1.0" encoding="UTF-8"?>
<!-- Generated by org.testng.reporters.JUnitReportReporter -->
<testsuite hostname="Active30" failures="0" tests="1" name="testBase.Arun" time="0.009" errors="0" timestamp="2023-08-18T16:23:29 IST" skipped="0">
  <testcase classname="testBase.Arun" name="test" time="0.009"/>
  <system-out/>
</testsuite> <!-- testBase.Arun -->
