<?xml version="1.0" encoding="UTF-8"?>
<!-- Generated by org.testng.reporters.JUnitReportReporter -->
<testsuite hostname="Active30" failures="0" tests="1" name="Practice.Dummyattribute" time="18.536" errors="0" timestamp="2023-09-20T18:16:54 IST" skipped="0">
  <testcase classname="Practice.Dummyattribute" name="fill_all_the_required_attribute_information" time="18.536"/>
</testsuite> <!-- Practice.Dummyattribute -->
