<?xml version="1.0" encoding="UTF-8"?>
<!-- Generated by org.testng.reporters.JUnitReportReporter -->
<testsuite hostname="Active30" failures="0" tests="1" name="Practice.Anil" time="17.992" errors="0" timestamp="2023-09-08T15:21:47 IST" skipped="0">
  <testcase classname="Practice.Anil" name="FirstPicker" time="17.992"/>
  <system-out/>
</testsuite> <!-- Practice.Anil -->
